2023-01-12 18:28:21,836:INFO:PyCaret Supervised Module
2023-01-12 18:28:21,836:INFO:ML Usecase: classification
2023-01-12 18:28:21,836:INFO:version 2.3.10
2023-01-12 18:28:21,836:INFO:Initializing setup()
2023-01-12 18:28:21,836:INFO:setup(display=None, profile_kwargs=None, profile=False, verbose=True, silent=False, log_data=False, log_profile=False, log_plots=False, experiment_custom_tags=None, experiment_name=None, log_experiment=False, session_id=None, html=True, custom_pipeline=None, use_gpu=False, n_jobs=-1, fold_groups=None, fold_shuffle=False, fold=10, fold_strategy=stratifiedkfold, data_split_stratify=False, data_split_shuffle=True, transform_target_method=box-cox, transform_target=False, fix_imbalance_method=None, fix_imbalance=False, interaction_threshold=0.01, feature_ratio=False, feature_interaction=False, feature_selection_method=classic, feature_selection_threshold=0.8, feature_selection=False, group_names=None, group_features=None, polynomial_threshold=0.1, trigonometry_features=False, polynomial_degree=2, polynomial_features=False, cluster_iter=20, create_clusters=False, remove_perfect_collinearity=True, multicollinearity_threshold=0.9, remove_multicollinearity=False, outliers_threshold=0.05, remove_outliers=False, bin_numeric_features=None, rare_level_threshold=0.1, combine_rare_levels=False, ignore_low_variance=False, pca_components=None, pca_method=linear, pca=False, unknown_categorical_method=least_frequent, handle_unknown_categorical=True, transformation_method=yeo-johnson, transformation=False, normalize_method=zscore, normalize=False, ignore_features=None, date_features=None, numeric_iterative_imputer=lightgbm, numeric_imputation=mean, numeric_features=None, high_cardinality_method=frequency, high_cardinality_features=None, ordinal_features=None, categorical_iterative_imputer=lightgbm, categorical_imputation=constant, categorical_features=None, iterative_imputation_iters=5, imputation_type=simple, preprocess=False, test_data=None, train_size=0.7, available_plots={'parameter': 'Hyperparameters', 'auc': 'AUC', 'confusion_matrix': 'Confusion Matrix', 'threshold': 'Threshold', 'pr': 'Precision Recall', 'error': 'Prediction Error', 'class_report': 'Class Report', 'rfe': 'Feature Selection', 'learning': 'Learning Curve', 'manifold': 'Manifold Learning', 'calibration': 'Calibration Curve', 'vc': 'Validation Curve', 'dimension': 'Dimensions', 'feature': 'Feature Importance', 'feature_all': 'Feature Importance (All)', 'boundary': 'Decision Boundary', 'lift': 'Lift Chart', 'gain': 'Gain Chart', 'tree': 'Decision Tree', 'ks': 'KS Statistic Plot'}, ml_usecase=classification, target=y)
2023-01-12 18:28:21,836:INFO:Checking environment
2023-01-12 18:28:21,836:INFO:python_version: 3.6.13
2023-01-12 18:28:21,836:INFO:python_build: ('default', 'Mar 16 2021 11:37:27')
2023-01-12 18:28:21,836:INFO:machine: AMD64
2023-01-12 18:28:21,836:INFO:platform: Windows-10-10.0.22621-SP0
2023-01-12 18:28:21,838:WARNING:cannot find psutil installation. memory not traceable. Install psutil using pip to enable memory logging.
2023-01-12 18:28:21,838:INFO:Checking libraries
2023-01-12 18:28:21,838:INFO:pd==1.1.5
2023-01-12 18:28:21,838:INFO:numpy==1.19.5
2023-01-12 18:28:21,838:INFO:sklearn==0.23.2
2023-01-12 18:28:21,838:INFO:lightgbm==3.3.4
2023-01-12 18:28:21,840:WARNING:catboost not found
2023-01-12 18:28:21,840:WARNING:xgboost not found
2023-01-12 18:28:21,840:INFO:mlflow==1.23.1
2023-01-12 18:28:21,840:INFO:Checking Exceptions
2023-01-12 18:28:21,840:INFO:Declaring global variables
2023-01-12 18:28:21,840:INFO:USI: ca72
2023-01-12 18:28:21,840:INFO:pycaret_globals: {'iterative_imputation_iters_param', 'logging_param', 'fold_groups_param', 'transform_target_param', 'seed', 'fold_groups_param_full', 'display_container', 'X_train', 'gpu_param', 'stratify_param', 'data_before_preprocess', 'X_test', 'n_jobs_param', 'dashboard_logger', 'y_train', 'master_model_container', 'USI', 'fix_imbalance_param', '_all_metrics', '_internal_pipeline', 'log_plots_param', 'y_test', '_available_plots', 'imputation_regressor', 'pycaret_globals', 'create_model_container', '_gpu_n_jobs_param', 'experiment__', 'imputation_classifier', 'prep_pipe', 'transform_target_method_param', '_all_models', '_all_models_internal', 'fix_imbalance_method_param', 'y', '_ml_usecase', 'html_param', 'fold_generator', 'fold_param', 'X', 'exp_name_log', 'fold_shuffle_param', 'target_param'}
2023-01-12 18:28:21,840:INFO:Preparing display monitor
2023-01-12 18:28:21,840:INFO:Preparing display monitor
2023-01-12 18:28:21,859:INFO:Importing libraries
2023-01-12 18:28:21,859:INFO:Copying data for preprocessing
2023-01-12 18:28:21,995:INFO:Declaring preprocessing parameters
2023-01-12 18:28:22,782:INFO:Creating preprocessing pipeline
2023-01-12 18:28:34,778:INFO:Preprocessing pipeline created successfully
2023-01-12 18:28:34,778:ERROR:(Process Exit): setup has been interupted with user command 'quit'. setup must rerun.
2023-01-12 18:28:34,778:INFO:Creating global containers
2023-01-12 18:28:34,792:INFO:Internal pipeline: Pipeline(memory=None, steps=[('empty_step', 'passthrough')], verbose=False)
2023-01-12 18:29:07,828:WARNING:Couldn't import xgboost.XGBClassifier
2023-01-12 18:29:07,828:WARNING:Couldn't import catboost.CatBoostClassifier
2023-01-12 18:29:07,893:WARNING:Couldn't import xgboost.XGBClassifier
2023-01-12 18:29:07,893:WARNING:Couldn't import catboost.CatBoostClassifier
2023-01-12 18:29:07,893:INFO:Creating grid variables
2023-01-12 18:29:08,263:INFO:create_model_container: 0
2023-01-12 18:29:08,263:INFO:master_model_container: 0
2023-01-12 18:29:08,263:INFO:display_container: 1
2023-01-12 18:29:08,263:INFO:Pipeline(memory=None,
         steps=[('dtypes',
                 DataTypes_Auto_infer(categorical_features=[],
                                      display_types=True, features_todrop=[],
                                      id_columns=[],
                                      ml_usecase='classification',
                                      numerical_features=[], target='y',
                                      time_features=[]))],
         verbose=False)
2023-01-12 18:29:08,263:INFO:setup() succesfully completed......................................
2023-01-12 18:29:08,553:INFO:Initializing compare_models()
2023-01-12 18:29:08,553:INFO:compare_models(display=None, verbose=True, probability_threshold=None, experiment_custom_tags=None, groups=None, fit_kwargs=None, errors=ignore, turbo=True, budget_time=None, n_select=1, sort=Accuracy, cross_validation=True, round=4, fold=None, include=None, exclude=None)
2023-01-12 18:29:08,553:INFO:Checking exceptions
2023-01-12 18:29:08,558:INFO:Preparing display monitor
2023-01-12 18:29:08,558:INFO:Preparing display monitor
2023-01-12 18:29:08,583:INFO:Initializing Logistic Regression
2023-01-12 18:29:08,583:INFO:Total runtime is 0.0 minutes
2023-01-12 18:29:08,589:INFO:SubProcess create_model() called ==================================
2023-01-12 18:29:08,589:INFO:Initializing create_model()
2023-01-12 18:29:08,593:INFO:create_model(kwargs={}, return_train_score=False, display=<pycaret.internal.Display.Display object at 0x0000021A0C2BAE10>, probability_threshold=None, add_to_model_list=True, experiment_custom_tags=None, metrics=None, system=False, verbose=False, refit=False, groups=None, fit_kwargs={}, predict=True, cross_validation=True, round=4, fold=StratifiedKFold(n_splits=10, random_state=None, shuffle=False), estimator=lr)
2023-01-12 18:29:08,593:INFO:Checking exceptions
2023-01-12 18:29:08,593:INFO:Importing libraries
2023-01-12 18:29:08,593:INFO:Copying training dataset
2023-01-12 18:29:08,681:INFO:Defining folds
2023-01-12 18:29:08,681:INFO:Declaring metric variables
2023-01-12 18:29:08,688:INFO:Importing untrained model
2023-01-12 18:29:08,692:INFO:Logistic Regression Imported succesfully
2023-01-12 18:29:08,706:INFO:Starting cross validation
2023-01-12 18:29:08,706:INFO:Cross validating with StratifiedKFold(n_splits=10, random_state=None, shuffle=False), n_jobs=-1
2023-01-12 18:32:28,717:INFO:Calculating mean and std
2023-01-12 18:32:28,756:INFO:Creating metrics dataframe
2023-01-12 18:32:28,801:INFO:Uploading results into container
2023-01-12 18:32:28,801:INFO:Uploading model into container now
2023-01-12 18:32:28,801:INFO:create_model_container: 1
2023-01-12 18:32:28,801:INFO:master_model_container: 1
2023-01-12 18:32:28,801:INFO:display_container: 2
2023-01-12 18:32:28,801:INFO:LogisticRegression(C=1.0, class_weight=None, dual=False, fit_intercept=True,
                   intercept_scaling=1, l1_ratio=None, max_iter=1000,
                   multi_class='auto', n_jobs=None, penalty='l2',
                   random_state=1692, solver='lbfgs', tol=0.0001, verbose=0,
                   warm_start=False)
2023-01-12 18:32:28,801:INFO:create_model() succesfully completed......................................
2023-01-12 18:32:29,273:INFO:SubProcess create_model() end ==================================
2023-01-12 18:32:29,273:INFO:Creating metrics dataframe
2023-01-12 18:32:29,303:INFO:Initializing K Neighbors Classifier
2023-01-12 18:32:29,303:INFO:Total runtime is 3.3453342159589132 minutes
2023-01-12 18:32:29,313:INFO:SubProcess create_model() called ==================================
2023-01-12 18:32:29,313:INFO:Initializing create_model()
2023-01-12 18:32:29,313:INFO:create_model(kwargs={}, return_train_score=False, display=<pycaret.internal.Display.Display object at 0x0000021A0C2BAE10>, probability_threshold=None, add_to_model_list=True, experiment_custom_tags=None, metrics=None, system=False, verbose=False, refit=False, groups=None, fit_kwargs={}, predict=True, cross_validation=True, round=4, fold=StratifiedKFold(n_splits=10, random_state=None, shuffle=False), estimator=knn)
2023-01-12 18:32:29,314:INFO:Checking exceptions
2023-01-12 18:32:29,314:INFO:Importing libraries
2023-01-12 18:32:29,314:INFO:Copying training dataset
2023-01-12 18:32:29,559:INFO:Defining folds
2023-01-12 18:32:29,559:INFO:Declaring metric variables
2023-01-12 18:32:29,576:INFO:Importing untrained model
2023-01-12 18:32:29,583:INFO:K Neighbors Classifier Imported succesfully
2023-01-12 18:32:29,597:INFO:Starting cross validation
2023-01-12 18:32:29,597:INFO:Cross validating with StratifiedKFold(n_splits=10, random_state=None, shuffle=False), n_jobs=-1
2023-01-12 20:22:56,677:INFO:PyCaret Supervised Module
2023-01-12 20:22:56,677:INFO:ML Usecase: classification
2023-01-12 20:22:56,677:INFO:version 2.3.10
2023-01-12 20:22:56,677:INFO:Initializing setup()
2023-01-12 20:22:56,677:INFO:setup(display=None, profile_kwargs=None, profile=False, verbose=True, silent=False, log_data=False, log_profile=False, log_plots=False, experiment_custom_tags=None, experiment_name=None, log_experiment=False, session_id=None, html=True, custom_pipeline=None, use_gpu=True, n_jobs=6, fold_groups=None, fold_shuffle=False, fold=10, fold_strategy=stratifiedkfold, data_split_stratify=False, data_split_shuffle=True, transform_target_method=box-cox, transform_target=False, fix_imbalance_method=None, fix_imbalance=False, interaction_threshold=0.01, feature_ratio=False, feature_interaction=False, feature_selection_method=classic, feature_selection_threshold=0.8, feature_selection=False, group_names=None, group_features=None, polynomial_threshold=0.1, trigonometry_features=False, polynomial_degree=2, polynomial_features=False, cluster_iter=20, create_clusters=False, remove_perfect_collinearity=True, multicollinearity_threshold=0.9, remove_multicollinearity=False, outliers_threshold=0.05, remove_outliers=False, bin_numeric_features=None, rare_level_threshold=0.1, combine_rare_levels=False, ignore_low_variance=False, pca_components=None, pca_method=linear, pca=False, unknown_categorical_method=least_frequent, handle_unknown_categorical=True, transformation_method=yeo-johnson, transformation=False, normalize_method=zscore, normalize=False, ignore_features=None, date_features=None, numeric_iterative_imputer=lightgbm, numeric_imputation=mean, numeric_features=None, high_cardinality_method=frequency, high_cardinality_features=None, ordinal_features=None, categorical_iterative_imputer=lightgbm, categorical_imputation=constant, categorical_features=None, iterative_imputation_iters=5, imputation_type=simple, preprocess=False, test_data=None, train_size=0.7, available_plots={'parameter': 'Hyperparameters', 'auc': 'AUC', 'confusion_matrix': 'Confusion Matrix', 'threshold': 'Threshold', 'pr': 'Precision Recall', 'error': 'Prediction Error', 'class_report': 'Class Report', 'rfe': 'Feature Selection', 'learning': 'Learning Curve', 'manifold': 'Manifold Learning', 'calibration': 'Calibration Curve', 'vc': 'Validation Curve', 'dimension': 'Dimensions', 'feature': 'Feature Importance', 'feature_all': 'Feature Importance (All)', 'boundary': 'Decision Boundary', 'lift': 'Lift Chart', 'gain': 'Gain Chart', 'tree': 'Decision Tree', 'ks': 'KS Statistic Plot'}, ml_usecase=classification, target=y)
2023-01-12 20:22:56,677:INFO:Checking environment
2023-01-12 20:22:56,677:INFO:python_version: 3.6.13
2023-01-12 20:22:56,677:INFO:python_build: ('default', 'Mar 16 2021 11:37:27')
2023-01-12 20:22:56,677:INFO:machine: AMD64
2023-01-12 20:22:56,677:INFO:platform: Windows-10-10.0.22621-SP0
2023-01-12 20:22:56,677:WARNING:cannot find psutil installation. memory not traceable. Install psutil using pip to enable memory logging.
2023-01-12 20:22:56,677:INFO:Checking libraries
2023-01-12 20:22:56,677:INFO:pd==1.1.5
2023-01-12 20:22:56,677:INFO:numpy==1.19.5
2023-01-12 20:22:56,677:INFO:sklearn==0.23.2
2023-01-12 20:22:56,677:INFO:lightgbm==3.3.4
2023-01-12 20:22:56,677:WARNING:catboost not found
2023-01-12 20:22:56,677:WARNING:xgboost not found
2023-01-12 20:22:56,677:INFO:mlflow==1.23.1
2023-01-12 20:22:56,677:INFO:Checking Exceptions
2023-01-12 20:22:56,677:INFO:Declaring global variables
2023-01-12 20:22:56,677:INFO:USI: 1964
2023-01-12 20:22:56,677:INFO:pycaret_globals: {'y_test', 'create_model_container', 'fold_groups_param_full', 'logging_param', '_internal_pipeline', 'gpu_param', 'fix_imbalance_method_param', '_available_plots', 'fold_generator', 'fix_imbalance_param', '_all_models', 'y_train', 'exp_name_log', 'stratify_param', 'X', 'transform_target_param', 'X_test', 'display_container', 'transform_target_method_param', 'fold_param', 'dashboard_logger', 'seed', 'iterative_imputation_iters_param', 'data_before_preprocess', 'imputation_regressor', 'n_jobs_param', 'fold_shuffle_param', 'X_train', 'target_param', 'prep_pipe', 'pycaret_globals', '_all_metrics', 'y', 'fold_groups_param', 'USI', 'experiment__', '_gpu_n_jobs_param', 'log_plots_param', 'imputation_classifier', 'html_param', 'master_model_container', '_ml_usecase', '_all_models_internal'}
2023-01-12 20:22:56,677:INFO:Preparing display monitor
2023-01-12 20:22:56,677:INFO:Preparing display monitor
2023-01-12 20:22:56,691:INFO:Importing libraries
2023-01-12 20:22:56,691:INFO:Copying data for preprocessing
2023-01-12 20:22:56,807:INFO:Declaring preprocessing parameters
2023-01-12 20:22:56,808:WARNING:cuML not found
2023-01-12 20:22:56,808:WARNING:cuML is outdated or not found. Required version is >=0.15, got 3.3.4
2023-01-12 20:22:57,314:INFO:Creating preprocessing pipeline
2023-01-12 20:23:08,939:INFO:Preprocessing pipeline created successfully
2023-01-12 20:23:08,939:ERROR:(Process Exit): setup has been interupted with user command 'quit'. setup must rerun.
2023-01-12 20:23:08,939:INFO:Creating global containers
2023-01-12 20:23:08,953:INFO:Internal pipeline: Pipeline(memory=None, steps=[('empty_step', 'passthrough')], verbose=False)
2023-01-12 20:23:47,692:WARNING:Couldn't import cuml.linear_model.LogisticRegression
2023-01-12 20:23:47,727:WARNING:Couldn't import cuml.neighbors.KNeighborsClassifier
2023-01-12 20:23:47,741:WARNING:Couldn't import cuml.MBSGDClassifier
2023-01-12 20:23:47,741:WARNING:Couldn't import cuml.svm.SVC
2023-01-12 20:23:47,770:WARNING:Couldn't import cuml.linear_model
2023-01-12 20:23:47,773:WARNING:Couldn't import cuml.ensemble
2023-01-12 20:23:47,783:WARNING:Couldn't import xgboost.XGBClassifier
2023-01-12 20:23:51,464:WARNING:Couldn't import catboost.CatBoostClassifier
2023-01-12 20:23:51,464:WARNING:Couldn't import cuml.linear_model.LogisticRegression
2023-01-12 20:23:51,527:WARNING:Couldn't import cuml.neighbors.KNeighborsClassifier
2023-01-12 20:23:51,527:WARNING:Couldn't import cuml.MBSGDClassifier
2023-01-12 20:23:51,527:WARNING:Couldn't import cuml.svm.SVC
2023-01-12 20:23:51,558:WARNING:Couldn't import cuml.linear_model
2023-01-12 20:23:51,558:WARNING:Couldn't import cuml.ensemble
2023-01-12 20:23:51,558:WARNING:Couldn't import xgboost.XGBClassifier
2023-01-12 20:23:51,748:WARNING:Couldn't import catboost.CatBoostClassifier
2023-01-12 20:23:51,755:INFO:Creating grid variables
2023-01-12 20:23:52,083:INFO:create_model_container: 0
2023-01-12 20:23:52,083:INFO:master_model_container: 0
2023-01-12 20:23:52,083:INFO:display_container: 1
2023-01-12 20:23:52,083:INFO:Pipeline(memory=None,
         steps=[('dtypes',
                 DataTypes_Auto_infer(categorical_features=[],
                                      display_types=True, features_todrop=[],
                                      id_columns=[],
                                      ml_usecase='classification',
                                      numerical_features=[], target='y',
                                      time_features=[]))],
         verbose=False)
2023-01-12 20:23:52,083:INFO:setup() succesfully completed......................................
2023-01-12 20:23:52,304:INFO:Initializing compare_models()
2023-01-12 20:23:52,304:INFO:compare_models(display=None, verbose=True, probability_threshold=None, experiment_custom_tags=None, groups=None, fit_kwargs=None, errors=ignore, turbo=True, budget_time=None, n_select=1, sort=Accuracy, cross_validation=True, round=4, fold=None, include=None, exclude=None)
2023-01-12 20:23:52,304:INFO:Checking exceptions
2023-01-12 20:23:52,311:INFO:Preparing display monitor
2023-01-12 20:23:52,311:INFO:Preparing display monitor
2023-01-12 20:23:52,338:INFO:Initializing Logistic Regression
2023-01-12 20:23:52,338:INFO:Total runtime is 0.0 minutes
2023-01-12 20:23:52,347:INFO:SubProcess create_model() called ==================================
2023-01-12 20:23:52,347:INFO:Initializing create_model()
2023-01-12 20:23:52,347:INFO:create_model(kwargs={}, return_train_score=False, display=<pycaret.internal.Display.Display object at 0x0000020197815F60>, probability_threshold=None, add_to_model_list=True, experiment_custom_tags=None, metrics=None, system=False, verbose=False, refit=False, groups=None, fit_kwargs={}, predict=True, cross_validation=True, round=4, fold=StratifiedKFold(n_splits=10, random_state=None, shuffle=False), estimator=lr)
2023-01-12 20:23:52,347:INFO:Checking exceptions
2023-01-12 20:23:52,347:INFO:Importing libraries
2023-01-12 20:23:52,347:INFO:Copying training dataset
2023-01-12 20:23:52,427:INFO:Defining folds
2023-01-12 20:23:52,427:INFO:Declaring metric variables
2023-01-12 20:23:52,427:INFO:Importing untrained model
2023-01-12 20:23:52,435:INFO:Logistic Regression Imported succesfully
2023-01-12 20:23:52,440:INFO:Starting cross validation
2023-01-12 20:23:52,452:INFO:Cross validating with StratifiedKFold(n_splits=10, random_state=None, shuffle=False), n_jobs=1
2023-01-12 20:26:16,728:INFO:Calculating mean and std
2023-01-12 20:26:16,728:INFO:Creating metrics dataframe
2023-01-12 20:26:16,728:INFO:Uploading results into container
2023-01-12 20:26:16,728:INFO:Uploading model into container now
2023-01-12 20:26:16,728:INFO:create_model_container: 1
2023-01-12 20:26:16,728:INFO:master_model_container: 1
2023-01-12 20:26:16,728:INFO:display_container: 2
2023-01-12 20:26:16,728:INFO:LogisticRegression(C=1.0, class_weight=None, dual=False, fit_intercept=True,
                   intercept_scaling=1, l1_ratio=None, max_iter=1000,
                   multi_class='auto', n_jobs=None, penalty='l2',
                   random_state=5444, solver='lbfgs', tol=0.0001, verbose=0,
                   warm_start=False)
2023-01-12 20:26:16,728:INFO:create_model() succesfully completed......................................
2023-01-12 20:26:16,948:INFO:SubProcess create_model() end ==================================
2023-01-12 20:26:16,948:INFO:Creating metrics dataframe
2023-01-12 20:26:16,952:INFO:Initializing K Neighbors Classifier
2023-01-12 20:26:16,952:INFO:Total runtime is 2.41022975842158 minutes
2023-01-12 20:26:16,967:INFO:SubProcess create_model() called ==================================
2023-01-12 20:26:16,968:INFO:Initializing create_model()
2023-01-12 20:26:16,968:INFO:create_model(kwargs={}, return_train_score=False, display=<pycaret.internal.Display.Display object at 0x0000020197815F60>, probability_threshold=None, add_to_model_list=True, experiment_custom_tags=None, metrics=None, system=False, verbose=False, refit=False, groups=None, fit_kwargs={}, predict=True, cross_validation=True, round=4, fold=StratifiedKFold(n_splits=10, random_state=None, shuffle=False), estimator=knn)
2023-01-12 20:26:16,968:INFO:Checking exceptions
2023-01-12 20:26:16,968:INFO:Importing libraries
2023-01-12 20:26:16,968:INFO:Copying training dataset
2023-01-12 20:26:17,056:INFO:Defining folds
2023-01-12 20:26:17,056:INFO:Declaring metric variables
2023-01-12 20:26:17,070:INFO:Importing untrained model
2023-01-12 20:26:17,075:INFO:K Neighbors Classifier Imported succesfully
2023-01-12 20:26:17,088:INFO:Starting cross validation
2023-01-12 20:26:17,088:INFO:Cross validating with StratifiedKFold(n_splits=10, random_state=None, shuffle=False), n_jobs=1
